<?xml version="1.0" encoding="UTF-8"?>
<!-- Generated by org.testng.reporters.JUnitXMLReporter -->
<testsuite ignored="6" hostname="LAPTOP-3RJ39O5L" failures="1" tests="4" name="DalalStreetTest" time="104.748" errors="0" timestamp="2022-12-07T19:25:30 IST">
  <testcase classname="com.testLayer.TradingShearTest" name="verifyBuyShareAxisBank" time="20.154">
    <failure type="org.openqa.selenium.NoSuchElementException" message="no such element: Unable to locate element: {&amp;quot;method&amp;quot;:&amp;quot;xpath&amp;quot;,&amp;quot;selector&amp;quot;:&amp;quot;(//div[@class=&amp;apos;m-4 card&amp;apos;])[2]&amp;quot;}
  (Session info: chrome=108.0.5359.95)
For documentation on this error, please visit: https://selenium.dev/exceptions/#no_such_element
Build info: version: &amp;apos;4.5.3&amp;apos;, revision: &amp;apos;4b786a1e430&amp;apos;
System info: os.name: &amp;apos;Windows 11&amp;apos;, os.arch: &amp;apos;amd64&amp;apos;, os.version: &amp;apos;10.0&amp;apos;, java.version: &amp;apos;18.0.1.1&amp;apos;
Driver info: org.openqa.selenium.chrome.ChromeDriver
Command: [a03ceefb23114111249668024bfd8706, findElement {using=xpath, value=(//div[@class=&amp;apos;m-4 card&amp;apos;])[2]}]
Capabilities {acceptInsecureCerts: false, browserName: chrome, browserVersion: 108.0.5359.95, chrome: {chromedriverVersion: 108.0.5359.71 (1e0e3868ee06..., userDataDir: C:\Users\wrushabh\AppData\L...}, goog:chromeOptions: {debuggerAddress: localhost:52940}, networkConnectionEnabled: false, pageLoadStrategy: normal, platformName: WINDOWS, proxy: Proxy(), se:cdp: ws://localhost:52940/devtoo..., se:cdpVersion: 108.0.5359.95, setWindowRect: true, strictFileInteractability: false, timeouts: {implicit: 0, pageLoad: 300000, script: 30000}, unhandledPromptBehavior: dismiss and notify, webauthn:extension:credBlob: true, webauthn:extension:largeBlob: true, webauthn:virtualAuthenticators: true}
Session ID: a03ceefb23114111249668024bfd8706">
      <![CDATA[org.openqa.selenium.NoSuchElementException: no such element: Unable to locate element: {"method":"xpath","selector":"(//div[@class='m-4 card'])[2]"}
  (Session info: chrome=108.0.5359.95)
For documentation on this error, please visit: https://selenium.dev/exceptions/#no_such_element
Build info: version: '4.5.3', revision: '4b786a1e430'
System info: os.name: 'Windows 11', os.arch: 'amd64', os.version: '10.0', java.version: '18.0.1.1'
Driver info: org.openqa.selenium.chrome.ChromeDriver
Command: [a03ceefb23114111249668024bfd8706, findElement {using=xpath, value=(//div[@class='m-4 card'])[2]}]
Capabilities {acceptInsecureCerts: false, browserName: chrome, browserVersion: 108.0.5359.95, chrome: {chromedriverVersion: 108.0.5359.71 (1e0e3868ee06..., userDataDir: C:\Users\wrushabh\AppData\L...}, goog:chromeOptions: {debuggerAddress: localhost:52940}, networkConnectionEnabled: false, pageLoadStrategy: normal, platformName: WINDOWS, proxy: Proxy(), se:cdp: ws://localhost:52940/devtoo..., se:cdpVersion: 108.0.5359.95, setWindowRect: true, strictFileInteractability: false, timeouts: {implicit: 0, pageLoad: 300000, script: 30000}, unhandledPromptBehavior: dismiss and notify, webauthn:extension:credBlob: true, webauthn:extension:largeBlob: true, webauthn:virtualAuthenticators: true}
Session ID: a03ceefb23114111249668024bfd8706
at org.openqa.selenium.remote.codec.w3c.W3CHttpResponseCodec.createException(W3CHttpResponseCodec.java:200)
at org.openqa.selenium.remote.codec.w3c.W3CHttpResponseCodec.decode(W3CHttpResponseCodec.java:133)
at org.openqa.selenium.remote.codec.w3c.W3CHttpResponseCodec.decode(W3CHttpResponseCodec.java:53)
at org.openqa.selenium.remote.HttpCommandExecutor.execute(HttpCommandExecutor.java:184)
at org.openqa.selenium.remote.service.DriverCommandExecutor.invokeExecute(DriverCommandExecutor.java:167)
at org.openqa.selenium.remote.service.DriverCommandExecutor.execute(DriverCommandExecutor.java:142)
at org.openqa.selenium.remote.RemoteWebDriver.execute(RemoteWebDriver.java:541)
at org.openqa.selenium.remote.ElementLocation$ElementFinder$2.findElement(ElementLocation.java:162)
at org.openqa.selenium.remote.ElementLocation.findElement(ElementLocation.java:60)
at org.openqa.selenium.remote.RemoteWebDriver.findElement(RemoteWebDriver.java:365)
at org.openqa.selenium.remote.RemoteWebDriver.findElement(RemoteWebDriver.java:357)
at com.pageLayer.DashboardPage.clickOnCompanyOption(DashboardPage.java:36)
at com.testLayer.TradingShearTest.verifyBuyShareAxisBank(TradingShearTest.java:61)
at java.base/java.util.ArrayList.forEach(ArrayList.java:1511)
... Removed 28 stack frames]]>
    </failure>
  </testcase> <!-- verifyBuyShareAxisBank -->
  <testcase classname="com.testLayer.TradingShearTest" name="verifyBuyShareIciciBank" time="7.029"/>
  <testcase classname="com.testLayer.TradingShearTest" name="verifyBuyShareWipro" time="6.745"/>
  <testcase classname="com.testLayer.TransactionTest" name="getTransationDetailsOnConsol" time="4.561"/>
  <testcase classname="com.testLayer.LoginPageTest" name="verifyLoginFunctioalityWithInValidUNPassCred" time="0.0">
    <ignored/>
  </testcase> <!-- verifyLoginFunctioalityWithInValidUNPassCred -->
  <testcase classname="com.testLayer.LoginPageTest" name="verifyLoginFunctioalityWithBlankUNCred" time="0.0">
    <ignored/>
  </testcase> <!-- verifyLoginFunctioalityWithBlankUNCred -->
  <testcase classname="com.testLayer.LoginPageTest" name="verifyLoginFunctioalityWithValidCred" time="0.0">
    <ignored/>
  </testcase> <!-- verifyLoginFunctioalityWithValidCred -->
  <testcase classname="com.testLayer.LoginPageTest" name="verifyLoginFunctioalityWithInvalidPassCred" time="0.0">
    <ignored/>
  </testcase> <!-- verifyLoginFunctioalityWithInvalidPassCred -->
  <testcase classname="com.testLayer.LoginPageTest" name="verifyLoginFunctioalityWithInvalidUNCred" time="0.0">
    <ignored/>
  </testcase> <!-- verifyLoginFunctioalityWithInvalidUNCred -->
  <testcase classname="com.testLayer.LoginPageTest" name="verifyLoginFunctioalityWithBlankPassCred" time="0.0">
    <ignored/>
  </testcase> <!-- verifyLoginFunctioalityWithBlankPassCred -->
</testsuite> <!-- DalalStreetTest -->
